2021-07-16 18:00:12,879 INFO [background-preinit] org.hibernate.validator.internal.util.Version : HV000001: Hibernate Validator 6.2.0.Final
2021-07-16 18:00:14,586 DEBUG [main] org.springframework.core.log.CompositeLog : HTTP GET http://localhost:8888/customer_service/default/main
2021-07-16 18:00:14,663 DEBUG [main] org.springframework.core.log.CompositeLog : Accept=[application/json, application/*+json]
2021-07-16 18:00:15,572 DEBUG [main] org.springframework.core.log.CompositeLog : Response 200 OK
2021-07-16 18:00:15,573 DEBUG [main] org.springframework.core.log.CompositeLog : Reading to [org.springframework.cloud.config.environment.Environment]
2021-07-16 18:00:15,611 INFO [main] org.springframework.boot.SpringApplication : No active profile set, falling back to default profiles: default
2021-07-16 18:00:19,066 INFO [main] com.mongodb.diagnostics.logging.SLF4JLogger : Cluster created with settings {hosts=[localhost:27017], mode=SINGLE, requiredClusterType=UNKNOWN, serverSelectionTimeout='30000 ms'}
2021-07-16 18:00:21,093 DEBUG [main] org.springframework.web.reactive.result.method.AbstractHandlerMethodMapping : 6 mappings in 'requestMappingHandlerMapping'
2021-07-16 18:00:21,129 DEBUG [main] org.springframework.web.reactive.handler.SimpleUrlHandlerMapping : Patterns [/webjars/**, /**] in 'resourceHandlerMapping'
2021-07-16 18:00:23,774 INFO [cluster-rtt-ClusterId{value='60f20f83a802175d883583c7', description='null'}-localhost:27017] com.mongodb.diagnostics.logging.SLF4JLogger : Opened connection [connectionId{localValue:2, serverValue:1}] to localhost:27017
2021-07-16 18:00:23,774 INFO [cluster-ClusterId{value='60f20f83a802175d883583c7', description='null'}-localhost:27017] com.mongodb.diagnostics.logging.SLF4JLogger : Opened connection [connectionId{localValue:1, serverValue:2}] to localhost:27017
2021-07-16 18:00:23,777 INFO [cluster-ClusterId{value='60f20f83a802175d883583c7', description='null'}-localhost:27017] com.mongodb.diagnostics.logging.SLF4JLogger : Monitor thread successfully connected to server with description ServerDescription{address=localhost:27017, type=STANDALONE, state=CONNECTED, ok=true, minWireVersion=0, maxWireVersion=9, maxDocumentSize=16777216, logicalSessionTimeoutMinutes=30, roundTripTimeNanos=2231677400}
2021-07-16 18:00:24,185 DEBUG [main] org.springframework.web.reactive.result.method.annotation.ControllerMethodResolver : ControllerAdvice beans: none
2021-07-16 18:00:24,242 DEBUG [main] org.springframework.web.server.adapter.HttpWebHandlerAdapter : enableLoggingRequestDetails='false': form data and headers will be masked to prevent unsafe logging of potentially sensitive data
2021-07-16 18:00:26,202 INFO [main] com.netflix.discovery.DiscoveryClient : Initializing Eureka in region us-east-1
2021-07-16 18:00:26,208 INFO [main] com.netflix.discovery.shared.resolver.aws.ConfigClusterResolver : Resolving eureka endpoints via configuration
2021-07-16 18:00:26,239 INFO [main] com.netflix.discovery.DiscoveryClient : Disable delta property : false
2021-07-16 18:00:26,240 INFO [main] com.netflix.discovery.DiscoveryClient : Single vip registry refresh property : null
2021-07-16 18:00:26,240 INFO [main] com.netflix.discovery.DiscoveryClient : Force full registry fetch : false
2021-07-16 18:00:26,240 INFO [main] com.netflix.discovery.DiscoveryClient : Application is null : false
2021-07-16 18:00:26,240 INFO [main] com.netflix.discovery.DiscoveryClient : Registered Applications size is zero : true
2021-07-16 18:00:26,240 INFO [main] com.netflix.discovery.DiscoveryClient : Application version is -1: true
2021-07-16 18:00:26,241 INFO [main] com.netflix.discovery.DiscoveryClient : Getting all instance registry info from the eureka server
2021-07-16 18:00:27,213 DEBUG [main] org.springframework.core.log.CompositeLog : HTTP GET http://localhost:8761/eureka/apps/
2021-07-16 18:00:27,258 DEBUG [main] org.springframework.core.log.CompositeLog : Accept=[application/json, application/*+json]
2021-07-16 18:00:27,311 DEBUG [main] org.springframework.core.log.CompositeLog : Response 200 OK
2021-07-16 18:00:27,312 DEBUG [main] org.springframework.core.log.CompositeLog : Reading to [org.springframework.cloud.netflix.eureka.http.EurekaApplications]
2021-07-16 18:00:27,321 INFO [main] com.netflix.discovery.DiscoveryClient : The response status is 200
2021-07-16 18:00:27,324 INFO [main] com.netflix.discovery.DiscoveryClient : Starting heartbeat executor: renew interval is: 30
2021-07-16 18:00:27,328 INFO [main] com.netflix.discovery.InstanceInfoReplicator : InstanceInfoReplicator onDemand update allowed rate per min is 4
2021-07-16 18:00:27,332 INFO [main] com.netflix.discovery.DiscoveryClient : Discovery Client initialized at timestamp 1626476427332 with initial instances count: 2
2021-07-16 18:00:27,342 INFO [main] com.netflix.discovery.DiscoveryClient$3 : Saw local status change event StatusChangeEvent [timestamp=1626476427342, current=UP, previous=STARTING]
2021-07-16 18:00:27,345 INFO [DiscoveryClient-InstanceInfoReplicator-0] com.netflix.discovery.DiscoveryClient : DiscoveryClient_CUSTOMER_SERVICE/host.docker.internal:customer_service:8090: registering service...
2021-07-16 18:00:27,357 DEBUG [DiscoveryClient-InstanceInfoReplicator-0] org.springframework.core.log.CompositeLog : HTTP POST http://localhost:8761/eureka/apps/CUSTOMER_SERVICE
2021-07-16 18:00:27,359 DEBUG [DiscoveryClient-InstanceInfoReplicator-0] org.springframework.core.log.CompositeLog : Accept=[application/json, application/*+json]
2021-07-16 18:00:27,368 DEBUG [DiscoveryClient-InstanceInfoReplicator-0] org.springframework.core.log.CompositeLog : Writing [InstanceInfo [instanceId = host.docker.internal:customer_service:8090, appName = CUSTOMER_SERVICE, hostName = host.docker.internal, status = UP, ipAddr = 192.168.1.12, port = 8090, securePort = 443, dataCenterInfo = com.netflix.appinfo.MyDataCenterInfo@40b39e54] as "application/json"
2021-07-16 18:00:27,390 DEBUG [DiscoveryClient-InstanceInfoReplicator-0] org.springframework.core.log.CompositeLog : Response 204 NO_CONTENT
2021-07-16 18:00:27,391 INFO [DiscoveryClient-InstanceInfoReplicator-0] com.netflix.discovery.DiscoveryClient : DiscoveryClient_CUSTOMER_SERVICE/host.docker.internal:customer_service:8090 - registration status: 204
2021-07-16 18:00:29,547 INFO [main] org.springframework.boot.StartupInfoLogger : Started Application in 19.979 seconds (JVM running for 21.582)
2021-07-16 18:00:57,327 DEBUG [DiscoveryClient-CacheRefreshExecutor-0] org.springframework.core.log.CompositeLog : HTTP GET http://localhost:8761/eureka/apps/delta
2021-07-16 18:00:57,328 DEBUG [DiscoveryClient-CacheRefreshExecutor-0] org.springframework.core.log.CompositeLog : Accept=[application/json, application/*+json]
2021-07-16 18:00:57,330 DEBUG [DiscoveryClient-HeartbeatExecutor-0] org.springframework.core.log.CompositeLog : HTTP PUT http://localhost:8761/eureka/apps/CUSTOMER_SERVICE/host.docker.internal:customer_service:8090?status=UP&lastDirtyTimestamp=1626476427342
2021-07-16 18:00:57,338 DEBUG [DiscoveryClient-CacheRefreshExecutor-0] org.springframework.core.log.CompositeLog : Response 200 OK
2021-07-16 18:00:57,339 DEBUG [DiscoveryClient-CacheRefreshExecutor-0] org.springframework.core.log.CompositeLog : Reading to [org.springframework.cloud.netflix.eureka.http.EurekaApplications]
2021-07-16 18:00:57,353 DEBUG [DiscoveryClient-HeartbeatExecutor-0] org.springframework.core.log.CompositeLog : Accept=[application/json, application/*+json]
2021-07-16 18:00:57,357 DEBUG [DiscoveryClient-HeartbeatExecutor-0] org.springframework.core.log.CompositeLog : Response 200 OK
2021-07-16 18:01:27,347 DEBUG [DiscoveryClient-CacheRefreshExecutor-0] org.springframework.core.log.CompositeLog : HTTP GET http://localhost:8761/eureka/apps/delta
2021-07-16 18:01:27,349 DEBUG [DiscoveryClient-CacheRefreshExecutor-0] org.springframework.core.log.CompositeLog : Accept=[application/json, application/*+json]
2021-07-16 18:01:27,354 DEBUG [DiscoveryClient-CacheRefreshExecutor-0] org.springframework.core.log.CompositeLog : Response 200 OK
2021-07-16 18:01:27,355 DEBUG [DiscoveryClient-CacheRefreshExecutor-0] org.springframework.core.log.CompositeLog : Reading to [org.springframework.cloud.netflix.eureka.http.EurekaApplications]
2021-07-16 18:01:27,359 DEBUG [DiscoveryClient-HeartbeatExecutor-0] org.springframework.core.log.CompositeLog : HTTP PUT http://localhost:8761/eureka/apps/CUSTOMER_SERVICE/host.docker.internal:customer_service:8090?status=UP&lastDirtyTimestamp=1626476427342
2021-07-16 18:01:27,360 DEBUG [DiscoveryClient-HeartbeatExecutor-0] org.springframework.core.log.CompositeLog : Accept=[application/json, application/*+json]
2021-07-16 18:01:27,365 DEBUG [DiscoveryClient-HeartbeatExecutor-0] org.springframework.core.log.CompositeLog : Response 200 OK
2021-07-16 18:01:57,363 DEBUG [DiscoveryClient-CacheRefreshExecutor-0] org.springframework.core.log.CompositeLog : HTTP GET http://localhost:8761/eureka/apps/delta
2021-07-16 18:01:57,366 DEBUG [DiscoveryClient-CacheRefreshExecutor-0] org.springframework.core.log.CompositeLog : Accept=[application/json, application/*+json]
2021-07-16 18:01:57,369 DEBUG [DiscoveryClient-HeartbeatExecutor-0] org.springframework.core.log.CompositeLog : HTTP PUT http://localhost:8761/eureka/apps/CUSTOMER_SERVICE/host.docker.internal:customer_service:8090?status=UP&lastDirtyTimestamp=1626476427342
2021-07-16 18:01:57,371 DEBUG [DiscoveryClient-HeartbeatExecutor-0] org.springframework.core.log.CompositeLog : Accept=[application/json, application/*+json]
2021-07-16 18:01:57,379 DEBUG [DiscoveryClient-CacheRefreshExecutor-0] org.springframework.core.log.CompositeLog : Response 200 OK
2021-07-16 18:01:57,381 DEBUG [DiscoveryClient-CacheRefreshExecutor-0] org.springframework.core.log.CompositeLog : Reading to [org.springframework.cloud.netflix.eureka.http.EurekaApplications]
2021-07-16 18:01:57,382 DEBUG [DiscoveryClient-HeartbeatExecutor-0] org.springframework.core.log.CompositeLog : Response 200 OK
2021-07-16 18:02:27,383 DEBUG [DiscoveryClient-HeartbeatExecutor-0] org.springframework.core.log.CompositeLog : HTTP PUT http://localhost:8761/eureka/apps/CUSTOMER_SERVICE/host.docker.internal:customer_service:8090?status=UP&lastDirtyTimestamp=1626476427342
2021-07-16 18:02:27,385 DEBUG [DiscoveryClient-HeartbeatExecutor-0] org.springframework.core.log.CompositeLog : Accept=[application/json, application/*+json]
2021-07-16 18:02:27,386 DEBUG [DiscoveryClient-CacheRefreshExecutor-0] org.springframework.core.log.CompositeLog : HTTP GET http://localhost:8761/eureka/apps/delta
2021-07-16 18:02:27,387 DEBUG [DiscoveryClient-CacheRefreshExecutor-0] org.springframework.core.log.CompositeLog : Accept=[application/json, application/*+json]
2021-07-16 18:02:27,391 DEBUG [DiscoveryClient-CacheRefreshExecutor-0] org.springframework.core.log.CompositeLog : Response 200 OK
2021-07-16 18:02:27,391 DEBUG [DiscoveryClient-HeartbeatExecutor-0] org.springframework.core.log.CompositeLog : Response 200 OK
2021-07-16 18:02:27,391 DEBUG [DiscoveryClient-CacheRefreshExecutor-0] org.springframework.core.log.CompositeLog : Reading to [org.springframework.cloud.netflix.eureka.http.EurekaApplications]
2021-07-16 18:02:57,393 DEBUG [DiscoveryClient-HeartbeatExecutor-0] org.springframework.core.log.CompositeLog : HTTP PUT http://localhost:8761/eureka/apps/CUSTOMER_SERVICE/host.docker.internal:customer_service:8090?status=UP&lastDirtyTimestamp=1626476427342
2021-07-16 18:02:57,394 DEBUG [DiscoveryClient-HeartbeatExecutor-0] org.springframework.core.log.CompositeLog : Accept=[application/json, application/*+json]
2021-07-16 18:02:57,396 DEBUG [DiscoveryClient-CacheRefreshExecutor-0] org.springframework.core.log.CompositeLog : HTTP GET http://localhost:8761/eureka/apps/delta
2021-07-16 18:02:57,398 DEBUG [DiscoveryClient-CacheRefreshExecutor-0] org.springframework.core.log.CompositeLog : Accept=[application/json, application/*+json]
2021-07-16 18:02:57,402 DEBUG [DiscoveryClient-HeartbeatExecutor-0] org.springframework.core.log.CompositeLog : Response 200 OK
2021-07-16 18:02:57,403 DEBUG [DiscoveryClient-CacheRefreshExecutor-0] org.springframework.core.log.CompositeLog : Response 200 OK
2021-07-16 18:02:57,403 DEBUG [DiscoveryClient-CacheRefreshExecutor-0] org.springframework.core.log.CompositeLog : Reading to [org.springframework.cloud.netflix.eureka.http.EurekaApplications]
2021-07-16 18:03:27,404 DEBUG [DiscoveryClient-HeartbeatExecutor-0] org.springframework.core.log.CompositeLog : HTTP PUT http://localhost:8761/eureka/apps/CUSTOMER_SERVICE/host.docker.internal:customer_service:8090?status=UP&lastDirtyTimestamp=1626476427342
2021-07-16 18:03:27,405 DEBUG [DiscoveryClient-HeartbeatExecutor-0] org.springframework.core.log.CompositeLog : Accept=[application/json, application/*+json]
2021-07-16 18:03:27,406 DEBUG [DiscoveryClient-CacheRefreshExecutor-0] org.springframework.core.log.CompositeLog : HTTP GET http://localhost:8761/eureka/apps/delta
2021-07-16 18:03:27,406 DEBUG [DiscoveryClient-CacheRefreshExecutor-0] org.springframework.core.log.CompositeLog : Accept=[application/json, application/*+json]
2021-07-16 18:03:27,410 DEBUG [DiscoveryClient-HeartbeatExecutor-0] org.springframework.core.log.CompositeLog : Response 200 OK
2021-07-16 18:03:27,410 DEBUG [DiscoveryClient-CacheRefreshExecutor-0] org.springframework.core.log.CompositeLog : Response 200 OK
2021-07-16 18:03:27,411 DEBUG [DiscoveryClient-CacheRefreshExecutor-0] org.springframework.core.log.CompositeLog : Reading to [org.springframework.cloud.netflix.eureka.http.EurekaApplications]
2021-07-16 18:03:57,412 DEBUG [DiscoveryClient-HeartbeatExecutor-0] org.springframework.core.log.CompositeLog : HTTP PUT http://localhost:8761/eureka/apps/CUSTOMER_SERVICE/host.docker.internal:customer_service:8090?status=UP&lastDirtyTimestamp=1626476427342
2021-07-16 18:03:57,413 DEBUG [DiscoveryClient-HeartbeatExecutor-0] org.springframework.core.log.CompositeLog : Accept=[application/json, application/*+json]
2021-07-16 18:03:57,414 DEBUG [DiscoveryClient-CacheRefreshExecutor-0] org.springframework.core.log.CompositeLog : HTTP GET http://localhost:8761/eureka/apps/delta
2021-07-16 18:03:57,414 DEBUG [DiscoveryClient-CacheRefreshExecutor-0] org.springframework.core.log.CompositeLog : Accept=[application/json, application/*+json]
2021-07-16 18:03:57,419 DEBUG [DiscoveryClient-HeartbeatExecutor-0] org.springframework.core.log.CompositeLog : Response 200 OK
2021-07-16 18:03:57,419 DEBUG [DiscoveryClient-CacheRefreshExecutor-0] org.springframework.core.log.CompositeLog : Response 200 OK
2021-07-16 18:03:57,420 DEBUG [DiscoveryClient-CacheRefreshExecutor-0] org.springframework.core.log.CompositeLog : Reading to [org.springframework.cloud.netflix.eureka.http.EurekaApplications]
2021-07-16 18:04:27,423 DEBUG [DiscoveryClient-HeartbeatExecutor-0] org.springframework.core.log.CompositeLog : HTTP PUT http://localhost:8761/eureka/apps/CUSTOMER_SERVICE/host.docker.internal:customer_service:8090?status=UP&lastDirtyTimestamp=1626476427342
2021-07-16 18:04:27,425 DEBUG [DiscoveryClient-CacheRefreshExecutor-0] org.springframework.core.log.CompositeLog : HTTP GET http://localhost:8761/eureka/apps/delta
2021-07-16 18:04:27,425 DEBUG [DiscoveryClient-HeartbeatExecutor-0] org.springframework.core.log.CompositeLog : Accept=[application/json, application/*+json]
2021-07-16 18:04:27,427 DEBUG [DiscoveryClient-CacheRefreshExecutor-0] org.springframework.core.log.CompositeLog : Accept=[application/json, application/*+json]
2021-07-16 18:04:27,438 DEBUG [DiscoveryClient-HeartbeatExecutor-0] org.springframework.core.log.CompositeLog : Response 200 OK
2021-07-16 18:04:27,438 DEBUG [DiscoveryClient-CacheRefreshExecutor-0] org.springframework.core.log.CompositeLog : Response 200 OK
2021-07-16 18:04:27,441 DEBUG [DiscoveryClient-CacheRefreshExecutor-0] org.springframework.core.log.CompositeLog : Reading to [org.springframework.cloud.netflix.eureka.http.EurekaApplications]
2021-07-16 18:04:57,445 DEBUG [DiscoveryClient-HeartbeatExecutor-0] org.springframework.core.log.CompositeLog : HTTP PUT http://localhost:8761/eureka/apps/CUSTOMER_SERVICE/host.docker.internal:customer_service:8090?status=UP&lastDirtyTimestamp=1626476427342
2021-07-16 18:04:57,449 DEBUG [DiscoveryClient-HeartbeatExecutor-0] org.springframework.core.log.CompositeLog : Accept=[application/json, application/*+json]
2021-07-16 18:04:57,451 DEBUG [DiscoveryClient-CacheRefreshExecutor-0] org.springframework.core.log.CompositeLog : HTTP GET http://localhost:8761/eureka/apps/delta
2021-07-16 18:04:57,453 DEBUG [DiscoveryClient-CacheRefreshExecutor-0] org.springframework.core.log.CompositeLog : Accept=[application/json, application/*+json]
2021-07-16 18:04:57,463 DEBUG [DiscoveryClient-CacheRefreshExecutor-0] org.springframework.core.log.CompositeLog : Response 200 OK
2021-07-16 18:04:57,463 DEBUG [DiscoveryClient-HeartbeatExecutor-0] org.springframework.core.log.CompositeLog : Response 200 OK
2021-07-16 18:04:57,466 DEBUG [DiscoveryClient-CacheRefreshExecutor-0] org.springframework.core.log.CompositeLog : Reading to [org.springframework.cloud.netflix.eureka.http.EurekaApplications]
2021-07-16 18:05:26,245 INFO [AsyncResolver-bootstrap-executor-0] com.netflix.discovery.shared.resolver.aws.ConfigClusterResolver : Resolving eureka endpoints via configuration
2021-07-16 18:05:27,468 DEBUG [DiscoveryClient-HeartbeatExecutor-0] org.springframework.core.log.CompositeLog : HTTP PUT http://localhost:8761/eureka/apps/CUSTOMER_SERVICE/host.docker.internal:customer_service:8090?status=UP&lastDirtyTimestamp=1626476427342
2021-07-16 18:05:27,469 DEBUG [DiscoveryClient-HeartbeatExecutor-0] org.springframework.core.log.CompositeLog : Accept=[application/json, application/*+json]
2021-07-16 18:05:27,472 DEBUG [DiscoveryClient-CacheRefreshExecutor-0] org.springframework.core.log.CompositeLog : HTTP GET http://localhost:8761/eureka/apps/delta
2021-07-16 18:05:27,472 DEBUG [DiscoveryClient-CacheRefreshExecutor-0] org.springframework.core.log.CompositeLog : Accept=[application/json, application/*+json]
2021-07-16 18:05:27,475 DEBUG [DiscoveryClient-HeartbeatExecutor-0] org.springframework.core.log.CompositeLog : Response 200 OK
2021-07-16 18:05:27,475 DEBUG [DiscoveryClient-CacheRefreshExecutor-0] org.springframework.core.log.CompositeLog : Response 200 OK
2021-07-16 18:05:27,476 DEBUG [DiscoveryClient-CacheRefreshExecutor-0] org.springframework.core.log.CompositeLog : Reading to [org.springframework.cloud.netflix.eureka.http.EurekaApplications]
2021-07-16 18:05:57,477 DEBUG [DiscoveryClient-HeartbeatExecutor-0] org.springframework.core.log.CompositeLog : HTTP PUT http://localhost:8761/eureka/apps/CUSTOMER_SERVICE/host.docker.internal:customer_service:8090?status=UP&lastDirtyTimestamp=1626476427342
2021-07-16 18:05:57,477 DEBUG [DiscoveryClient-HeartbeatExecutor-0] org.springframework.core.log.CompositeLog : Accept=[application/json, application/*+json]
2021-07-16 18:05:57,478 DEBUG [DiscoveryClient-CacheRefreshExecutor-0] org.springframework.core.log.CompositeLog : HTTP GET http://localhost:8761/eureka/apps/delta
2021-07-16 18:05:57,478 DEBUG [DiscoveryClient-CacheRefreshExecutor-0] org.springframework.core.log.CompositeLog : Accept=[application/json, application/*+json]
2021-07-16 18:05:57,481 DEBUG [DiscoveryClient-HeartbeatExecutor-0] org.springframework.core.log.CompositeLog : Response 200 OK
2021-07-16 18:05:57,482 DEBUG [DiscoveryClient-CacheRefreshExecutor-0] org.springframework.core.log.CompositeLog : Response 200 OK
2021-07-16 18:05:57,483 DEBUG [DiscoveryClient-CacheRefreshExecutor-0] org.springframework.core.log.CompositeLog : Reading to [org.springframework.cloud.netflix.eureka.http.EurekaApplications]
2021-07-16 21:06:23,560 DEBUG [DiscoveryClient-CacheRefreshExecutor-0] org.springframework.core.log.CompositeLog : HTTP GET http://localhost:8761/eureka/apps/delta
2021-07-16 21:06:23,561 DEBUG [DiscoveryClient-HeartbeatExecutor-0] org.springframework.core.log.CompositeLog : HTTP PUT http://localhost:8761/eureka/apps/CUSTOMER_SERVICE/host.docker.internal:customer_service:8090?status=UP&lastDirtyTimestamp=1626476427342
2021-07-16 21:06:23,583 DEBUG [DiscoveryClient-HeartbeatExecutor-0] org.springframework.core.log.CompositeLog : Accept=[application/json, application/*+json]
2021-07-16 21:06:23,590 DEBUG [DiscoveryClient-HeartbeatExecutor-0] org.springframework.core.log.CompositeLog : Response 200 OK
2021-07-16 21:06:23,590 DEBUG [DiscoveryClient-CacheRefreshExecutor-0] org.springframework.core.log.CompositeLog : Accept=[application/json, application/*+json]
2021-07-16 21:06:23,595 DEBUG [DiscoveryClient-CacheRefreshExecutor-0] org.springframework.core.log.CompositeLog : Response 200 OK
2021-07-16 21:06:23,596 DEBUG [DiscoveryClient-CacheRefreshExecutor-0] org.springframework.core.log.CompositeLog : Reading to [org.springframework.cloud.netflix.eureka.http.EurekaApplications]
2021-07-16 21:06:53,592 DEBUG [DiscoveryClient-HeartbeatExecutor-0] org.springframework.core.log.CompositeLog : HTTP PUT http://localhost:8761/eureka/apps/CUSTOMER_SERVICE/host.docker.internal:customer_service:8090?status=UP&lastDirtyTimestamp=1626476427342
2021-07-16 21:06:53,593 DEBUG [DiscoveryClient-HeartbeatExecutor-0] org.springframework.core.log.CompositeLog : Accept=[application/json, application/*+json]
2021-07-16 21:06:53,599 DEBUG [DiscoveryClient-CacheRefreshExecutor-0] org.springframework.core.log.CompositeLog : HTTP GET http://localhost:8761/eureka/apps/delta
2021-07-16 21:06:53,600 DEBUG [DiscoveryClient-HeartbeatExecutor-0] org.springframework.core.log.CompositeLog : Response 200 OK
2021-07-16 21:06:53,600 DEBUG [DiscoveryClient-CacheRefreshExecutor-0] org.springframework.core.log.CompositeLog : Accept=[application/json, application/*+json]
2021-07-16 21:06:53,606 DEBUG [DiscoveryClient-CacheRefreshExecutor-0] org.springframework.core.log.CompositeLog : Response 200 OK
2021-07-16 21:06:53,606 DEBUG [DiscoveryClient-CacheRefreshExecutor-0] org.springframework.core.log.CompositeLog : Reading to [org.springframework.cloud.netflix.eureka.http.EurekaApplications]
2021-07-16 22:19:46,485 DEBUG [DiscoveryClient-CacheRefreshExecutor-0] org.springframework.core.log.CompositeLog : HTTP GET http://localhost:8761/eureka/apps/delta
2021-07-16 22:19:46,485 DEBUG [DiscoveryClient-HeartbeatExecutor-0] org.springframework.core.log.CompositeLog : HTTP PUT http://localhost:8761/eureka/apps/CUSTOMER_SERVICE/host.docker.internal:customer_service:8090?status=UP&lastDirtyTimestamp=1626476427342
2021-07-16 22:19:47,094 DEBUG [DiscoveryClient-HeartbeatExecutor-0] org.springframework.core.log.CompositeLog : Accept=[application/json, application/*+json]
2021-07-16 22:19:47,100 DEBUG [DiscoveryClient-HeartbeatExecutor-0] org.springframework.core.log.CompositeLog : Response 200 OK
2021-07-16 22:19:47,112 DEBUG [DiscoveryClient-CacheRefreshExecutor-0] org.springframework.core.log.CompositeLog : Accept=[application/json, application/*+json]
2021-07-16 22:19:47,117 DEBUG [DiscoveryClient-CacheRefreshExecutor-0] org.springframework.core.log.CompositeLog : Response 200 OK
2021-07-16 22:19:47,118 DEBUG [DiscoveryClient-CacheRefreshExecutor-0] org.springframework.core.log.CompositeLog : Reading to [org.springframework.cloud.netflix.eureka.http.EurekaApplications]
2021-07-16 22:20:17,103 DEBUG [DiscoveryClient-HeartbeatExecutor-0] org.springframework.core.log.CompositeLog : HTTP PUT http://localhost:8761/eureka/apps/CUSTOMER_SERVICE/host.docker.internal:customer_service:8090?status=UP&lastDirtyTimestamp=1626476427342
2021-07-16 22:20:17,104 DEBUG [DiscoveryClient-HeartbeatExecutor-0] org.springframework.core.log.CompositeLog : Accept=[application/json, application/*+json]
2021-07-16 22:20:17,108 DEBUG [DiscoveryClient-HeartbeatExecutor-0] org.springframework.core.log.CompositeLog : Response 200 OK
2021-07-16 22:20:17,120 DEBUG [DiscoveryClient-CacheRefreshExecutor-0] org.springframework.core.log.CompositeLog : HTTP GET http://localhost:8761/eureka/apps/delta
2021-07-16 22:20:17,120 DEBUG [DiscoveryClient-CacheRefreshExecutor-0] org.springframework.core.log.CompositeLog : Accept=[application/json, application/*+json]
2021-07-16 22:20:17,123 DEBUG [DiscoveryClient-CacheRefreshExecutor-0] org.springframework.core.log.CompositeLog : Response 200 OK
2021-07-16 22:20:17,123 DEBUG [DiscoveryClient-CacheRefreshExecutor-0] org.springframework.core.log.CompositeLog : Reading to [org.springframework.cloud.netflix.eureka.http.EurekaApplications]
2021-07-16 22:20:47,110 DEBUG [DiscoveryClient-HeartbeatExecutor-0] org.springframework.core.log.CompositeLog : HTTP PUT http://localhost:8761/eureka/apps/CUSTOMER_SERVICE/host.docker.internal:customer_service:8090?status=UP&lastDirtyTimestamp=1626476427342
2021-07-16 22:20:47,111 DEBUG [DiscoveryClient-HeartbeatExecutor-0] org.springframework.core.log.CompositeLog : Accept=[application/json, application/*+json]
2021-07-16 22:20:47,115 DEBUG [DiscoveryClient-HeartbeatExecutor-0] org.springframework.core.log.CompositeLog : Response 200 OK
2021-07-16 22:20:47,126 DEBUG [DiscoveryClient-CacheRefreshExecutor-0] org.springframework.core.log.CompositeLog : HTTP GET http://localhost:8761/eureka/apps/delta
2021-07-16 22:20:47,127 DEBUG [DiscoveryClient-CacheRefreshExecutor-0] org.springframework.core.log.CompositeLog : Accept=[application/json, application/*+json]
2021-07-16 22:20:47,129 DEBUG [DiscoveryClient-CacheRefreshExecutor-0] org.springframework.core.log.CompositeLog : Response 200 OK
2021-07-16 22:20:47,130 DEBUG [DiscoveryClient-CacheRefreshExecutor-0] org.springframework.core.log.CompositeLog : Reading to [org.springframework.cloud.netflix.eureka.http.EurekaApplications]
2021-07-16 22:21:17,118 DEBUG [DiscoveryClient-HeartbeatExecutor-0] org.springframework.core.log.CompositeLog : HTTP PUT http://localhost:8761/eureka/apps/CUSTOMER_SERVICE/host.docker.internal:customer_service:8090?status=UP&lastDirtyTimestamp=1626476427342
2021-07-16 22:21:17,119 DEBUG [DiscoveryClient-HeartbeatExecutor-0] org.springframework.core.log.CompositeLog : Accept=[application/json, application/*+json]
2021-07-16 22:21:17,131 DEBUG [DiscoveryClient-HeartbeatExecutor-0] org.springframework.core.log.CompositeLog : Response 200 OK
2021-07-16 22:21:17,134 DEBUG [DiscoveryClient-CacheRefreshExecutor-0] org.springframework.core.log.CompositeLog : HTTP GET http://localhost:8761/eureka/apps/delta
2021-07-16 22:21:17,135 DEBUG [DiscoveryClient-CacheRefreshExecutor-0] org.springframework.core.log.CompositeLog : Accept=[application/json, application/*+json]
2021-07-16 22:21:17,150 DEBUG [DiscoveryClient-CacheRefreshExecutor-0] org.springframework.core.log.CompositeLog : Response 200 OK
2021-07-16 22:21:17,152 DEBUG [DiscoveryClient-CacheRefreshExecutor-0] org.springframework.core.log.CompositeLog : Reading to [org.springframework.cloud.netflix.eureka.http.EurekaApplications]
2021-07-16 22:21:47,133 DEBUG [DiscoveryClient-HeartbeatExecutor-0] org.springframework.core.log.CompositeLog : HTTP PUT http://localhost:8761/eureka/apps/CUSTOMER_SERVICE/host.docker.internal:customer_service:8090?status=UP&lastDirtyTimestamp=1626476427342
2021-07-16 22:21:47,134 DEBUG [DiscoveryClient-HeartbeatExecutor-0] org.springframework.core.log.CompositeLog : Accept=[application/json, application/*+json]
2021-07-16 22:21:47,138 DEBUG [DiscoveryClient-HeartbeatExecutor-0] org.springframework.core.log.CompositeLog : Response 200 OK
2021-07-16 22:21:47,156 DEBUG [DiscoveryClient-CacheRefreshExecutor-0] org.springframework.core.log.CompositeLog : HTTP GET http://localhost:8761/eureka/apps/delta
2021-07-16 22:21:47,156 DEBUG [DiscoveryClient-CacheRefreshExecutor-0] org.springframework.core.log.CompositeLog : Accept=[application/json, application/*+json]
2021-07-16 22:21:47,160 DEBUG [DiscoveryClient-CacheRefreshExecutor-0] org.springframework.core.log.CompositeLog : Response 200 OK
2021-07-16 22:21:47,161 DEBUG [DiscoveryClient-CacheRefreshExecutor-0] org.springframework.core.log.CompositeLog : Reading to [org.springframework.cloud.netflix.eureka.http.EurekaApplications]
2021-07-16 22:22:17,140 DEBUG [DiscoveryClient-HeartbeatExecutor-0] org.springframework.core.log.CompositeLog : HTTP PUT http://localhost:8761/eureka/apps/CUSTOMER_SERVICE/host.docker.internal:customer_service:8090?status=UP&lastDirtyTimestamp=1626476427342
2021-07-16 22:22:17,141 DEBUG [DiscoveryClient-HeartbeatExecutor-0] org.springframework.core.log.CompositeLog : Accept=[application/json, application/*+json]
2021-07-16 22:22:17,147 DEBUG [DiscoveryClient-HeartbeatExecutor-0] org.springframework.core.log.CompositeLog : Response 200 OK
2021-07-16 22:22:17,164 DEBUG [DiscoveryClient-CacheRefreshExecutor-0] org.springframework.core.log.CompositeLog : HTTP GET http://localhost:8761/eureka/apps/delta
2021-07-16 22:22:17,165 DEBUG [DiscoveryClient-CacheRefreshExecutor-0] org.springframework.core.log.CompositeLog : Accept=[application/json, application/*+json]
2021-07-16 22:22:17,308 DEBUG [DiscoveryClient-CacheRefreshExecutor-0] org.springframework.core.log.CompositeLog : Response 200 OK
2021-07-16 22:22:17,310 DEBUG [DiscoveryClient-CacheRefreshExecutor-0] org.springframework.core.log.CompositeLog : Reading to [org.springframework.cloud.netflix.eureka.http.EurekaApplications]
2021-07-16 22:22:45,101 INFO [AsyncResolver-bootstrap-executor-0] com.netflix.discovery.shared.resolver.aws.ConfigClusterResolver : Resolving eureka endpoints via configuration
2021-07-16 22:22:47,150 DEBUG [DiscoveryClient-HeartbeatExecutor-0] org.springframework.core.log.CompositeLog : HTTP PUT http://localhost:8761/eureka/apps/CUSTOMER_SERVICE/host.docker.internal:customer_service:8090?status=UP&lastDirtyTimestamp=1626476427342
2021-07-16 22:22:47,151 DEBUG [DiscoveryClient-HeartbeatExecutor-0] org.springframework.core.log.CompositeLog : Accept=[application/json, application/*+json]
2021-07-16 22:22:47,158 DEBUG [DiscoveryClient-HeartbeatExecutor-0] org.springframework.core.log.CompositeLog : Response 200 OK
2021-07-16 22:22:47,313 DEBUG [DiscoveryClient-CacheRefreshExecutor-0] org.springframework.core.log.CompositeLog : HTTP GET http://localhost:8761/eureka/apps/delta
2021-07-16 22:22:47,314 DEBUG [DiscoveryClient-CacheRefreshExecutor-0] org.springframework.core.log.CompositeLog : Accept=[application/json, application/*+json]
2021-07-16 22:22:47,318 DEBUG [DiscoveryClient-CacheRefreshExecutor-0] org.springframework.core.log.CompositeLog : Response 200 OK
2021-07-16 22:22:47,319 DEBUG [DiscoveryClient-CacheRefreshExecutor-0] org.springframework.core.log.CompositeLog : Reading to [org.springframework.cloud.netflix.eureka.http.EurekaApplications]
2021-07-16 22:23:02,537 DEBUG [reactor-http-nio-2] org.springframework.core.log.LogFormatUtils : [6d0e808a-1, L:/127.0.0.1:8090 - R:/127.0.0.1:63248] HTTP POST "/customer"
2021-07-16 22:23:02,621 DEBUG [reactor-http-nio-2] org.springframework.web.reactive.handler.AbstractHandlerMapping : [6d0e808a-1, L:/127.0.0.1:8090 - R:/127.0.0.1:63248] Mapped to com.bank.manage.customer.controller.CustomerController#createCustomer(Customer)
2021-07-16 22:23:02,715 DEBUG [reactor-http-nio-2] org.springframework.web.reactive.result.method.annotation.AbstractMessageReaderArgumentResolver : [6d0e808a-1, L:/127.0.0.1:8090 - R:/127.0.0.1:63248] Content-Type:application/json
2021-07-16 22:23:02,733 DEBUG [reactor-http-nio-2] org.springframework.web.reactive.result.method.annotation.AbstractMessageReaderArgumentResolver : [6d0e808a-1, L:/127.0.0.1:8090 - R:/127.0.0.1:63248] 0..1 [com.bank.manage.customer.persistence.entity.Customer]
2021-07-16 22:23:02,937 DEBUG [reactor-http-nio-2] org.springframework.core.log.CompositeLog : [6d0e808a-1, L:/127.0.0.1:8090 - R:/127.0.0.1:63248] Decoded [Customer(id=46, firstName=null, lastName=null, document=null, documentType=null, mail=null, phone=98 (truncated)...]
2021-07-16 22:23:04,256 INFO [nioEventLoopGroup-3-3] com.mongodb.diagnostics.logging.SLF4JLogger : Opened connection [connectionId{localValue:3, serverValue:5}] to localhost:27017
2021-07-16 22:23:06,007 DEBUG [nioEventLoopGroup-3-3] org.springframework.web.reactive.result.HandlerResultHandlerSupport : [6d0e808a-1, L:/127.0.0.1:8090 - R:/127.0.0.1:63248] Found 'Content-Type:application/json' in response
2021-07-16 22:23:06,009 DEBUG [nioEventLoopGroup-3-3] org.springframework.web.reactive.result.method.annotation.AbstractMessageWriterResultHandler : [6d0e808a-1, L:/127.0.0.1:8090 - R:/127.0.0.1:63248] 0..1 [com.bank.manage.customer.persistence.entity.Customer]
2021-07-16 22:23:06,024 DEBUG [nioEventLoopGroup-3-3] org.springframework.core.log.CompositeLog : [6d0e808a-1, L:/127.0.0.1:8090 - R:/127.0.0.1:63248] Encoding [Customer(id=46, firstName=null, lastName=null, document=null, documentType=null, mail=null, phone=98 (truncated)...]
2021-07-16 22:23:06,059 DEBUG [reactor-http-nio-2] org.springframework.core.log.LogFormatUtils : [6d0e808a-1, L:/127.0.0.1:8090 - R:/127.0.0.1:63248] Completed 201 CREATED
2021-07-16 22:23:17,162 DEBUG [DiscoveryClient-HeartbeatExecutor-0] org.springframework.core.log.CompositeLog : HTTP PUT http://localhost:8761/eureka/apps/CUSTOMER_SERVICE/host.docker.internal:customer_service:8090?status=UP&lastDirtyTimestamp=1626476427342
2021-07-16 22:23:17,163 DEBUG [DiscoveryClient-HeartbeatExecutor-0] org.springframework.core.log.CompositeLog : Accept=[application/json, application/*+json]
2021-07-16 22:23:17,171 DEBUG [DiscoveryClient-HeartbeatExecutor-0] org.springframework.core.log.CompositeLog : Response 200 OK
2021-07-16 22:23:17,322 DEBUG [DiscoveryClient-CacheRefreshExecutor-0] org.springframework.core.log.CompositeLog : HTTP GET http://localhost:8761/eureka/apps/delta
2021-07-16 22:23:17,323 DEBUG [DiscoveryClient-CacheRefreshExecutor-0] org.springframework.core.log.CompositeLog : Accept=[application/json, application/*+json]
2021-07-16 22:23:17,329 DEBUG [DiscoveryClient-CacheRefreshExecutor-0] org.springframework.core.log.CompositeLog : Response 200 OK
2021-07-16 22:23:17,330 DEBUG [DiscoveryClient-CacheRefreshExecutor-0] org.springframework.core.log.CompositeLog : Reading to [org.springframework.cloud.netflix.eureka.http.EurekaApplications]
2021-07-16 22:23:47,174 DEBUG [DiscoveryClient-HeartbeatExecutor-0] org.springframework.core.log.CompositeLog : HTTP PUT http://localhost:8761/eureka/apps/CUSTOMER_SERVICE/host.docker.internal:customer_service:8090?status=UP&lastDirtyTimestamp=1626476427342
2021-07-16 22:23:47,177 DEBUG [DiscoveryClient-HeartbeatExecutor-0] org.springframework.core.log.CompositeLog : Accept=[application/json, application/*+json]
2021-07-16 22:23:47,188 DEBUG [DiscoveryClient-HeartbeatExecutor-0] org.springframework.core.log.CompositeLog : Response 200 OK
2021-07-16 22:23:47,334 DEBUG [DiscoveryClient-CacheRefreshExecutor-0] org.springframework.core.log.CompositeLog : HTTP GET http://localhost:8761/eureka/apps/delta
2021-07-16 22:23:47,336 DEBUG [DiscoveryClient-CacheRefreshExecutor-0] org.springframework.core.log.CompositeLog : Accept=[application/json, application/*+json]
2021-07-16 22:23:47,366 DEBUG [DiscoveryClient-CacheRefreshExecutor-0] org.springframework.core.log.CompositeLog : Response 200 OK
2021-07-16 22:23:47,367 DEBUG [DiscoveryClient-CacheRefreshExecutor-0] org.springframework.core.log.CompositeLog : Reading to [org.springframework.cloud.netflix.eureka.http.EurekaApplications]
2021-07-16 22:24:17,192 DEBUG [DiscoveryClient-HeartbeatExecutor-0] org.springframework.core.log.CompositeLog : HTTP PUT http://localhost:8761/eureka/apps/CUSTOMER_SERVICE/host.docker.internal:customer_service:8090?status=UP&lastDirtyTimestamp=1626476427342
2021-07-16 22:24:17,194 DEBUG [DiscoveryClient-HeartbeatExecutor-0] org.springframework.core.log.CompositeLog : Accept=[application/json, application/*+json]
2021-07-16 22:24:17,200 DEBUG [DiscoveryClient-HeartbeatExecutor-0] org.springframework.core.log.CompositeLog : Response 200 OK
2021-07-16 22:24:17,369 DEBUG [DiscoveryClient-CacheRefreshExecutor-0] org.springframework.core.log.CompositeLog : HTTP GET http://localhost:8761/eureka/apps/delta
2021-07-16 22:24:17,371 DEBUG [DiscoveryClient-CacheRefreshExecutor-0] org.springframework.core.log.CompositeLog : Accept=[application/json, application/*+json]
2021-07-16 22:24:17,378 DEBUG [DiscoveryClient-CacheRefreshExecutor-0] org.springframework.core.log.CompositeLog : Response 200 OK
2021-07-16 22:24:17,379 DEBUG [DiscoveryClient-CacheRefreshExecutor-0] org.springframework.core.log.CompositeLog : Reading to [org.springframework.cloud.netflix.eureka.http.EurekaApplications]
2021-07-16 22:24:47,204 DEBUG [DiscoveryClient-HeartbeatExecutor-0] org.springframework.core.log.CompositeLog : HTTP PUT http://localhost:8761/eureka/apps/CUSTOMER_SERVICE/host.docker.internal:customer_service:8090?status=UP&lastDirtyTimestamp=1626476427342
2021-07-16 22:24:47,207 DEBUG [DiscoveryClient-HeartbeatExecutor-0] org.springframework.core.log.CompositeLog : Accept=[application/json, application/*+json]
2021-07-16 22:24:47,223 DEBUG [DiscoveryClient-HeartbeatExecutor-0] org.springframework.core.log.CompositeLog : Response 200 OK
2021-07-16 22:24:47,382 DEBUG [DiscoveryClient-CacheRefreshExecutor-0] org.springframework.core.log.CompositeLog : HTTP GET http://localhost:8761/eureka/apps/delta
2021-07-16 22:24:47,383 DEBUG [DiscoveryClient-CacheRefreshExecutor-0] org.springframework.core.log.CompositeLog : Accept=[application/json, application/*+json]
2021-07-16 22:24:47,420 DEBUG [DiscoveryClient-CacheRefreshExecutor-0] org.springframework.core.log.CompositeLog : Response 200 OK
2021-07-16 22:24:47,421 DEBUG [DiscoveryClient-CacheRefreshExecutor-0] org.springframework.core.log.CompositeLog : Reading to [org.springframework.cloud.netflix.eureka.http.EurekaApplications]
2021-07-16 22:25:17,225 DEBUG [DiscoveryClient-HeartbeatExecutor-0] org.springframework.core.log.CompositeLog : HTTP PUT http://localhost:8761/eureka/apps/CUSTOMER_SERVICE/host.docker.internal:customer_service:8090?status=UP&lastDirtyTimestamp=1626476427342
2021-07-16 22:25:17,226 DEBUG [DiscoveryClient-HeartbeatExecutor-0] org.springframework.core.log.CompositeLog : Accept=[application/json, application/*+json]
2021-07-16 22:25:17,338 DEBUG [DiscoveryClient-HeartbeatExecutor-0] org.springframework.core.log.CompositeLog : Response 200 OK
2021-07-16 22:25:17,426 DEBUG [DiscoveryClient-CacheRefreshExecutor-0] org.springframework.core.log.CompositeLog : HTTP GET http://localhost:8761/eureka/apps/delta
2021-07-16 22:25:17,427 DEBUG [DiscoveryClient-CacheRefreshExecutor-0] org.springframework.core.log.CompositeLog : Accept=[application/json, application/*+json]
2021-07-16 22:25:17,432 DEBUG [DiscoveryClient-CacheRefreshExecutor-0] org.springframework.core.log.CompositeLog : Response 200 OK
2021-07-16 22:25:17,434 DEBUG [DiscoveryClient-CacheRefreshExecutor-0] org.springframework.core.log.CompositeLog : Reading to [org.springframework.cloud.netflix.eureka.http.EurekaApplications]
2021-07-16 22:25:47,342 DEBUG [DiscoveryClient-HeartbeatExecutor-0] org.springframework.core.log.CompositeLog : HTTP PUT http://localhost:8761/eureka/apps/CUSTOMER_SERVICE/host.docker.internal:customer_service:8090?status=UP&lastDirtyTimestamp=1626476427342
2021-07-16 22:25:47,345 DEBUG [DiscoveryClient-HeartbeatExecutor-0] org.springframework.core.log.CompositeLog : Accept=[application/json, application/*+json]
2021-07-16 22:25:47,353 DEBUG [DiscoveryClient-HeartbeatExecutor-0] org.springframework.core.log.CompositeLog : Response 200 OK
2021-07-16 22:25:47,437 DEBUG [DiscoveryClient-CacheRefreshExecutor-0] org.springframework.core.log.CompositeLog : HTTP GET http://localhost:8761/eureka/apps/delta
2021-07-16 22:25:47,439 DEBUG [DiscoveryClient-CacheRefreshExecutor-0] org.springframework.core.log.CompositeLog : Accept=[application/json, application/*+json]
2021-07-16 22:25:47,447 DEBUG [DiscoveryClient-CacheRefreshExecutor-0] org.springframework.core.log.CompositeLog : Response 200 OK
2021-07-16 22:25:47,449 DEBUG [DiscoveryClient-CacheRefreshExecutor-0] org.springframework.core.log.CompositeLog : Reading to [org.springframework.cloud.netflix.eureka.http.EurekaApplications]
2021-07-16 22:26:17,358 DEBUG [DiscoveryClient-HeartbeatExecutor-0] org.springframework.core.log.CompositeLog : HTTP PUT http://localhost:8761/eureka/apps/CUSTOMER_SERVICE/host.docker.internal:customer_service:8090?status=UP&lastDirtyTimestamp=1626476427342
2021-07-16 22:26:17,364 DEBUG [DiscoveryClient-HeartbeatExecutor-0] org.springframework.core.log.CompositeLog : Accept=[application/json, application/*+json]
2021-07-16 22:26:17,372 DEBUG [DiscoveryClient-HeartbeatExecutor-0] org.springframework.core.log.CompositeLog : Response 200 OK
2021-07-16 22:26:17,453 DEBUG [DiscoveryClient-CacheRefreshExecutor-0] org.springframework.core.log.CompositeLog : HTTP GET http://localhost:8761/eureka/apps/delta
2021-07-16 22:26:17,455 DEBUG [DiscoveryClient-CacheRefreshExecutor-0] org.springframework.core.log.CompositeLog : Accept=[application/json, application/*+json]
2021-07-16 22:26:17,460 DEBUG [DiscoveryClient-CacheRefreshExecutor-0] org.springframework.core.log.CompositeLog : Response 200 OK
2021-07-16 22:26:17,461 DEBUG [DiscoveryClient-CacheRefreshExecutor-0] org.springframework.core.log.CompositeLog : Reading to [org.springframework.cloud.netflix.eureka.http.EurekaApplications]
2021-07-16 22:26:47,377 DEBUG [DiscoveryClient-HeartbeatExecutor-0] org.springframework.core.log.CompositeLog : HTTP PUT http://localhost:8761/eureka/apps/CUSTOMER_SERVICE/host.docker.internal:customer_service:8090?status=UP&lastDirtyTimestamp=1626476427342
2021-07-16 22:26:47,379 DEBUG [DiscoveryClient-HeartbeatExecutor-0] org.springframework.core.log.CompositeLog : Accept=[application/json, application/*+json]
2021-07-16 22:26:47,387 DEBUG [DiscoveryClient-HeartbeatExecutor-0] org.springframework.core.log.CompositeLog : Response 200 OK
2021-07-16 22:26:47,466 DEBUG [DiscoveryClient-CacheRefreshExecutor-0] org.springframework.core.log.CompositeLog : HTTP GET http://localhost:8761/eureka/apps/delta
2021-07-16 22:26:47,466 DEBUG [DiscoveryClient-CacheRefreshExecutor-0] org.springframework.core.log.CompositeLog : Accept=[application/json, application/*+json]
2021-07-16 22:26:47,470 DEBUG [DiscoveryClient-CacheRefreshExecutor-0] org.springframework.core.log.CompositeLog : Response 200 OK
2021-07-16 22:26:47,470 DEBUG [DiscoveryClient-CacheRefreshExecutor-0] org.springframework.core.log.CompositeLog : Reading to [org.springframework.cloud.netflix.eureka.http.EurekaApplications]
2021-07-16 22:27:17,391 DEBUG [DiscoveryClient-HeartbeatExecutor-0] org.springframework.core.log.CompositeLog : HTTP PUT http://localhost:8761/eureka/apps/CUSTOMER_SERVICE/host.docker.internal:customer_service:8090?status=UP&lastDirtyTimestamp=1626476427342
2021-07-16 22:27:17,392 DEBUG [DiscoveryClient-HeartbeatExecutor-0] org.springframework.core.log.CompositeLog : Accept=[application/json, application/*+json]
2021-07-16 22:27:17,396 DEBUG [DiscoveryClient-HeartbeatExecutor-0] org.springframework.core.log.CompositeLog : Response 200 OK
2021-07-16 22:27:17,420 INFO [RMI TCP Connection(29)-127.0.0.1] com.netflix.discovery.DiscoveryClient$3 : Saw local status change event StatusChangeEvent [timestamp=1626492437420, current=DOWN, previous=UP]
2021-07-16 22:27:17,422 INFO [DiscoveryClient-InstanceInfoReplicator-0] com.netflix.discovery.DiscoveryClient : DiscoveryClient_CUSTOMER_SERVICE/host.docker.internal:customer_service:8090: registering service...
2021-07-16 22:27:17,422 DEBUG [DiscoveryClient-InstanceInfoReplicator-0] org.springframework.core.log.CompositeLog : HTTP POST http://localhost:8761/eureka/apps/CUSTOMER_SERVICE
2021-07-16 22:27:17,424 DEBUG [DiscoveryClient-InstanceInfoReplicator-0] org.springframework.core.log.CompositeLog : Accept=[application/json, application/*+json]
2021-07-16 22:27:17,427 DEBUG [DiscoveryClient-InstanceInfoReplicator-0] org.springframework.core.log.CompositeLog : Writing [InstanceInfo [instanceId = host.docker.internal:customer_service:8090, appName = CUSTOMER_SERVICE, hostName = host.docker.internal, status = DOWN, ipAddr = 192.168.1.12, port = 8090, securePort = 443, dataCenterInfo = com.netflix.appinfo.MyDataCenterInfo@40b39e54] as "application/json"
2021-07-16 22:27:17,433 DEBUG [DiscoveryClient-InstanceInfoReplicator-0] org.springframework.core.log.CompositeLog : Response 204 NO_CONTENT
2021-07-16 22:27:17,434 INFO [DiscoveryClient-InstanceInfoReplicator-0] com.netflix.discovery.DiscoveryClient : DiscoveryClient_CUSTOMER_SERVICE/host.docker.internal:customer_service:8090 - registration status: 204
2021-07-16 22:27:17,471 INFO [RMI TCP Connection(29)-127.0.0.1] com.mongodb.diagnostics.logging.SLF4JLogger : Closed connection [connectionId{localValue:3, serverValue:5}] to localhost:27017 because the pool has been closed.
2021-07-16 22:27:17,473 DEBUG [DiscoveryClient-CacheRefreshExecutor-0] org.springframework.core.log.CompositeLog : HTTP GET http://localhost:8761/eureka/apps/delta
2021-07-16 22:27:17,474 DEBUG [DiscoveryClient-CacheRefreshExecutor-0] org.springframework.core.log.CompositeLog : Accept=[application/json, application/*+json]
2021-07-16 22:27:17,477 DEBUG [DiscoveryClient-CacheRefreshExecutor-0] org.springframework.core.log.CompositeLog : Response 200 OK
2021-07-16 22:27:17,478 DEBUG [DiscoveryClient-CacheRefreshExecutor-0] org.springframework.core.log.CompositeLog : Reading to [org.springframework.cloud.netflix.eureka.http.EurekaApplications]
